This file contains any messages produced by compilers while
running configure, to aid debugging if configure makes a mistake.

It was created by wev1 configure 0.1, which was
generated by GNU Autoconf 2.68.  Invocation command line was

  $ ./configure --target=arm-linux --host=i686-linux

## --------- ##
## Platform. ##
## --------- ##

hostname = wellth1-desktop
uname -m = i686
uname -r = 3.2.0-36-generic-pae
uname -s = Linux
uname -v = #57-Ubuntu SMP Tue Jan 8 22:01:06 UTC 2013

/usr/bin/uname -p = unknown
/bin/uname -X     = unknown

/bin/arch              = unknown
/usr/bin/arch -k       = unknown
/usr/convex/getsysinfo = unknown
/usr/bin/hostinfo      = unknown
/bin/machine           = unknown
/usr/bin/oslevel       = unknown
/bin/universe          = unknown

PATH: /usr/lib/lightdm/lightdm
PATH: /usr/local/sbin
PATH: /usr/local/bin
PATH: /usr/sbin
PATH: /usr/bin
PATH: /sbin
PATH: /bin
PATH: /usr/games
PATH: /opt/toolchain/arm-2009q3/bin/


## ----------- ##
## Core tests. ##
## ----------- ##

configure:2301: checking for a BSD-compatible install
configure:2369: result: /usr/bin/install -c
configure:2380: checking whether build environment is sane
configure:2430: result: yes
configure:2479: checking for i686-linux-strip
configure:2509: result: no
configure:2519: checking for strip
configure:2535: found /usr/bin/strip
configure:2546: result: strip
configure:2571: checking for a thread-safe mkdir -p
configure:2610: result: /bin/mkdir -p
configure:2623: checking for gawk
configure:2639: found /usr/bin/gawk
configure:2650: result: gawk
configure:2661: checking whether make sets $(MAKE)
configure:2683: result: yes
configure:2775: checking whether make supports nested variables
configure:2792: result: yes
configure:2812: checking for i686-linux-gcc
configure:2839: result: arm-none-linux-gnueabi-gcc
configure:3108: checking for C compiler version
configure:3117: arm-none-linux-gnueabi-gcc --version >&5
arm-none-linux-gnueabi-gcc (Sourcery G++ Lite 2009q3-67) 4.4.1
Copyright (C) 2009 Free Software Foundation, Inc.
This is free software; see the source for copying conditions.  There is NO
warranty; not even for MERCHANTABILITY or FITNESS FOR A PARTICULAR PURPOSE.

configure:3128: $? = 0
configure:3117: arm-none-linux-gnueabi-gcc -v >&5
Using built-in specs.
Target: arm-none-linux-gnueabi
Configured with: /scratch/julian/2009q3-respin-linux-lite/src/gcc-4.4/configure --build=i686-pc-linux-gnu --host=i686-pc-linux-gnu --target=arm-none-linux-gnueabi --enable-threads --disable-libmudflap --disable-libssp --disable-libstdcxx-pch --enable-extra-sgxxlite-multilibs --with-arch=armv5te --with-gnu-as --with-gnu-ld --with-specs='%{funwind-tables|fno-unwind-tables|mabi=*|ffreestanding|nostdlib:;:-funwind-tables} %{O2:%{!fno-remove-local-statics: -fremove-local-statics}} %{O*:%{O|O0|O1|O2|Os:;:%{!fno-remove-local-statics: -fremove-local-statics}}}' --enable-languages=c,c++ --enable-shared --disable-lto --enable-symvers=gnu --enable-__cxa_atexit --with-pkgversion='Sourcery G++ Lite 2009q3-67' --with-bugurl=https://support.codesourcery.com/GNUToolchain/ --disable-nls --prefix=/opt/codesourcery --with-sysroot=/opt/codesourcery/arm-none-linux-gnueabi/libc --with-build-sysroot=/scratch/julian/2009q3-respin-linux-lite/install/arm-none-linux-gnueabi/libc --with-gmp=/scratch/julian/2009q3-respin-linux-lite/obj/host-libs-2009q3-67-arm-none-linux-gnueabi-i686-pc-linux-gnu/usr --with-mpfr=/scratch/julian/2009q3-respin-linux-lite/obj/host-libs-2009q3-67-arm-none-linux-gnueabi-i686-pc-linux-gnu/usr --with-ppl=/scratch/julian/2009q3-respin-linux-lite/obj/host-libs-2009q3-67-arm-none-linux-gnueabi-i686-pc-linux-gnu/usr --with-host-libstdcxx='-static-libgcc -Wl,-Bstatic,-lstdc++,-Bdynamic -lm' --with-cloog=/scratch/julian/2009q3-respin-linux-lite/obj/host-libs-2009q3-67-arm-none-linux-gnueabi-i686-pc-linux-gnu/usr --disable-libgomp --enable-poison-system-directories --with-build-time-tools=/scratch/julian/2009q3-respin-linux-lite/install/arm-none-linux-gnueabi/bin --with-build-time-tools=/scratch/julian/2009q3-respin-linux-lite/install/arm-none-linux-gnueabi/bin
Thread model: posix
gcc version 4.4.1 (Sourcery G++ Lite 2009q3-67) 
configure:3128: $? = 0
configure:3117: arm-none-linux-gnueabi-gcc -V >&5
arm-none-linux-gnueabi-gcc: '-V' option must have argument
configure:3128: $? = 1
configure:3117: arm-none-linux-gnueabi-gcc -qversion >&5
arm-none-linux-gnueabi-gcc: unrecognized option '-qversion'
arm-none-linux-gnueabi-gcc: no input files
configure:3128: $? = 1
configure:3148: checking whether the C compiler works
configure:3170: arm-none-linux-gnueabi-gcc    conftest.c  >&5
configure:3174: $? = 0
configure:3222: result: yes
configure:3225: checking for C compiler default output file name
configure:3227: result: a.out
configure:3233: checking for suffix of executables
configure:3240: arm-none-linux-gnueabi-gcc -o conftest    conftest.c  >&5
configure:3244: $? = 0
configure:3266: result: 
configure:3288: checking whether we are cross compiling
configure:3296: arm-none-linux-gnueabi-gcc -o conftest    conftest.c  >&5
configure:3300: $? = 0
configure:3307: ./conftest
./configure: line 3309: ./conftest: cannot execute binary file
configure:3311: $? = 126
configure:3326: result: yes
configure:3331: checking for suffix of object files
configure:3353: arm-none-linux-gnueabi-gcc -c   conftest.c >&5
configure:3357: $? = 0
configure:3378: result: o
configure:3382: checking whether we are using the GNU C compiler
configure:3401: arm-none-linux-gnueabi-gcc -c   conftest.c >&5
configure:3401: $? = 0
configure:3410: result: yes
configure:3419: checking whether arm-none-linux-gnueabi-gcc accepts -g
configure:3439: arm-none-linux-gnueabi-gcc -c -g  conftest.c >&5
configure:3439: $? = 0
configure:3480: result: yes
configure:3497: checking for arm-none-linux-gnueabi-gcc option to accept ISO C89
configure:3561: arm-none-linux-gnueabi-gcc  -c -g -O2  conftest.c >&5
configure:3561: $? = 0
configure:3574: result: none needed
configure:3605: checking for style of include used by make
configure:3633: result: GNU
configure:3659: checking dependency style of arm-none-linux-gnueabi-gcc
configure:3770: result: gcc3
configure:3790: checking whether NLS is requested
configure:3799: result: yes
configure:3818: checking for intltool >= 0.35.0
configure:3820: result: 0.50.2 found
configure:3828: checking for intltool-update
configure:3846: found /usr/bin/intltool-update
configure:3858: result: /usr/bin/intltool-update
configure:3868: checking for intltool-merge
configure:3886: found /usr/bin/intltool-merge
configure:3898: result: /usr/bin/intltool-merge
configure:3908: checking for intltool-extract
configure:3926: found /usr/bin/intltool-extract
configure:3938: result: /usr/bin/intltool-extract
configure:4092: checking for xgettext
configure:4110: found /usr/bin/xgettext
configure:4122: result: /usr/bin/xgettext
configure:4132: checking for msgmerge
configure:4150: found /usr/bin/msgmerge
configure:4162: result: /usr/bin/msgmerge
configure:4172: checking for msgfmt
configure:4190: found /usr/bin/msgfmt
configure:4202: result: /usr/bin/msgfmt
configure:4212: checking for gmsgfmt
configure:4243: result: /usr/bin/msgfmt
configure:4263: checking for perl
configure:4281: found /usr/bin/perl
configure:4293: result: /usr/bin/perl
configure:4304: checking for perl >= 5.8.1
configure:4311: result: 5.14.2
configure:4315: checking for XML::Parser
configure:4318: result: ok
configure:4343: arm-none-linux-gnueabi-gcc -o conftest -g -O2   conftest.c  >&5
configure:4343: $? = 0
configure:4383: checking how to run the C preprocessor
configure:4414: arm-none-linux-gnueabi-gcc -E  conftest.c
configure:4414: $? = 0
configure:4428: arm-none-linux-gnueabi-gcc -E  conftest.c
conftest.c:12: fatal error: ac_nonexistent.h: No such file or directory
compilation terminated.
configure:4428: $? = 1
configure: failed program was:
| /* confdefs.h */
| #define PACKAGE_NAME "wev1"
| #define PACKAGE_TARNAME "wev1"
| #define PACKAGE_VERSION "0.1"
| #define PACKAGE_STRING "wev1 0.1"
| #define PACKAGE_BUGREPORT ""
| #define PACKAGE_URL ""
| #define PACKAGE "wev1"
| #define VERSION "0.1"
| #define GETTEXT_PACKAGE "wev1"
| /* end confdefs.h.  */
| #include <ac_nonexistent.h>
configure:4453: result: arm-none-linux-gnueabi-gcc -E
configure:4473: arm-none-linux-gnueabi-gcc -E  conftest.c
configure:4473: $? = 0
configure:4487: arm-none-linux-gnueabi-gcc -E  conftest.c
conftest.c:12: fatal error: ac_nonexistent.h: No such file or directory
compilation terminated.
configure:4487: $? = 1
configure: failed program was:
| /* confdefs.h */
| #define PACKAGE_NAME "wev1"
| #define PACKAGE_TARNAME "wev1"
| #define PACKAGE_VERSION "0.1"
| #define PACKAGE_STRING "wev1 0.1"
| #define PACKAGE_BUGREPORT ""
| #define PACKAGE_URL ""
| #define PACKAGE "wev1"
| #define VERSION "0.1"
| #define GETTEXT_PACKAGE "wev1"
| /* end confdefs.h.  */
| #include <ac_nonexistent.h>
configure:4516: checking for grep that handles long lines and -e
configure:4574: result: /bin/grep
configure:4579: checking for egrep
configure:4641: result: /bin/grep -E
configure:4646: checking for ANSI C header files
configure:4666: arm-none-linux-gnueabi-gcc -c -g -O2  conftest.c >&5
configure:4666: $? = 0
configure:4750: result: yes
configure:4763: checking for sys/types.h
configure:4763: arm-none-linux-gnueabi-gcc -c -g -O2  conftest.c >&5
configure:4763: $? = 0
configure:4763: result: yes
configure:4763: checking for sys/stat.h
configure:4763: arm-none-linux-gnueabi-gcc -c -g -O2  conftest.c >&5
configure:4763: $? = 0
configure:4763: result: yes
configure:4763: checking for stdlib.h
configure:4763: arm-none-linux-gnueabi-gcc -c -g -O2  conftest.c >&5
configure:4763: $? = 0
configure:4763: result: yes
configure:4763: checking for string.h
configure:4763: arm-none-linux-gnueabi-gcc -c -g -O2  conftest.c >&5
configure:4763: $? = 0
configure:4763: result: yes
configure:4763: checking for memory.h
configure:4763: arm-none-linux-gnueabi-gcc -c -g -O2  conftest.c >&5
configure:4763: $? = 0
configure:4763: result: yes
configure:4763: checking for strings.h
configure:4763: arm-none-linux-gnueabi-gcc -c -g -O2  conftest.c >&5
configure:4763: $? = 0
configure:4763: result: yes
configure:4763: checking for inttypes.h
configure:4763: arm-none-linux-gnueabi-gcc -c -g -O2  conftest.c >&5
configure:4763: $? = 0
configure:4763: result: yes
configure:4763: checking for stdint.h
configure:4763: arm-none-linux-gnueabi-gcc -c -g -O2  conftest.c >&5
configure:4763: $? = 0
configure:4763: result: yes
configure:4763: checking for unistd.h
configure:4763: arm-none-linux-gnueabi-gcc -c -g -O2  conftest.c >&5
configure:4763: $? = 0
configure:4763: result: yes
configure:4778: checking locale.h usability
configure:4778: arm-none-linux-gnueabi-gcc -c -g -O2  conftest.c >&5
configure:4778: $? = 0
configure:4778: result: yes
configure:4778: checking locale.h presence
configure:4778: arm-none-linux-gnueabi-gcc -E  conftest.c
configure:4778: $? = 0
configure:4778: result: yes
configure:4778: checking for locale.h
configure:4778: result: yes
configure:4789: checking for LC_MESSAGES
configure:4805: arm-none-linux-gnueabi-gcc -o conftest -g -O2   conftest.c  >&5
configure:4805: $? = 0
configure:4813: result: yes
configure:4830: checking libintl.h usability
configure:4830: arm-none-linux-gnueabi-gcc -c -g -O2  conftest.c >&5
configure:4830: $? = 0
configure:4830: result: yes
configure:4830: checking libintl.h presence
configure:4830: arm-none-linux-gnueabi-gcc -E  conftest.c
configure:4830: $? = 0
configure:4830: result: yes
configure:4830: checking for libintl.h
configure:4830: result: yes
configure:4838: checking for ngettext in libc
configure:4856: arm-none-linux-gnueabi-gcc -o conftest -g -O2   conftest.c  >&5
configure:4856: $? = 0
configure:4865: result: yes
configure:4869: checking for dgettext in libc
configure:4887: arm-none-linux-gnueabi-gcc -o conftest -g -O2   conftest.c  >&5
configure:4887: $? = 0
configure:4896: result: yes
configure:4903: checking for bind_textdomain_codeset
configure:4903: arm-none-linux-gnueabi-gcc -o conftest -g -O2   conftest.c  >&5
configure:4903: $? = 0
configure:4903: result: yes
configure:5179: checking for msgfmt
configure:5206: result: /usr/bin/msgfmt
configure:5217: checking for dcgettext
configure:5217: arm-none-linux-gnueabi-gcc -o conftest -g -O2   conftest.c   >&5
conftest.c:49: warning: conflicting types for built-in function 'dcgettext'
configure:5217: $? = 0
configure:5217: result: yes
configure:5227: checking if msgfmt accepts -c
configure:5242: $MSGFMT -c -o /dev/null conftest.foo
configure:5245: $? = 0
configure:5247: result: yes
configure:5257: checking for gmsgfmt
configure:5288: result: /usr/bin/msgfmt
configure:5298: checking for xgettext
configure:5325: result: /usr/bin/xgettext
configure:5344: arm-none-linux-gnueabi-gcc -o conftest -g -O2   conftest.c   >&5
configure:5344: $? = 0
configure:5515: checking build system type
configure:5529: result: i686-pc-linux-gnu
configure:5549: checking host system type
configure:5562: result: i686-pc-linux-gnu
configure:5603: checking how to print strings
configure:5630: result: printf
configure:5651: checking for a sed that does not truncate output
configure:5715: result: /bin/sed
configure:5733: checking for fgrep
configure:5795: result: /bin/grep -F
configure:5830: checking for ld used by arm-none-linux-gnueabi-gcc
configure:5897: result: /opt/toolchain/arm-2009q3/arm-none-linux-gnueabi/bin/ld
configure:5904: checking if the linker (/opt/toolchain/arm-2009q3/arm-none-linux-gnueabi/bin/ld) is GNU ld
configure:5919: result: yes
configure:5931: checking for BSD- or MS-compatible name lister (nm)
configure:5980: result: /usr/bin/nm -B
configure:6110: checking the name lister (/usr/bin/nm -B) interface
configure:6117: arm-none-linux-gnueabi-gcc -c -g -O2  conftest.c >&5
configure:6120: /usr/bin/nm -B "conftest.o"
configure:6123: output
00000000 b $d
00000000 B some_variable
configure:6130: result: BSD nm
configure:6133: checking whether ln -s works
configure:6137: result: yes
configure:6145: checking the maximum length of command line arguments
configure:6275: result: 1572864
configure:6292: checking whether the shell understands some XSI constructs
configure:6302: result: yes
configure:6306: checking whether the shell understands "+="
configure:6312: result: yes
configure:6347: checking how to convert i686-pc-linux-gnu file names to i686-pc-linux-gnu format
configure:6387: result: func_convert_file_noop
configure:6394: checking how to convert i686-pc-linux-gnu file names to toolchain format
configure:6414: result: func_convert_file_noop
configure:6421: checking for /opt/toolchain/arm-2009q3/arm-none-linux-gnueabi/bin/ld option to reload object files
configure:6428: result: -r
configure:6462: checking for i686-linux-objdump
configure:6492: result: no
configure:6502: checking for objdump
configure:6518: found /usr/bin/objdump
configure:6529: result: objdump
configure:6541: WARNING: using cross tools not prefixed with host triplet
configure:6561: checking how to recognize dependent libraries
configure:6763: result: pass_all
configure:6808: checking for i686-linux-dlltool
configure:6838: result: no
configure:6848: checking for dlltool
configure:6878: result: no
configure:6908: checking how to associate runtime and link libraries
configure:6935: result: printf %s\n
configure:6951: checking for i686-linux-ar
configure:6981: result: no
configure:6995: checking for ar
configure:7011: found /usr/bin/ar
configure:7022: result: ar
configure:7059: checking for archiver @FILE support
configure:7076: arm-none-linux-gnueabi-gcc -c -g -O2  conftest.c >&5
configure:7076: $? = 0
configure:7079: ar cru libconftest.a @conftest.lst >&5
configure:7082: $? = 0
configure:7087: ar cru libconftest.a @conftest.lst >&5
ar: conftest.o: No such file or directory
configure:7090: $? = 1
configure:7102: result: @
configure:7120: checking for i686-linux-strip
configure:7147: result: strip
configure:7219: checking for i686-linux-ranlib
configure:7249: result: no
configure:7259: checking for ranlib
configure:7275: found /usr/bin/ranlib
configure:7286: result: ranlib
configure:7388: checking command to parse /usr/bin/nm -B output from arm-none-linux-gnueabi-gcc object
configure:7508: arm-none-linux-gnueabi-gcc -c -g -O2  conftest.c >&5
configure:7511: $? = 0
configure:7515: /usr/bin/nm -B conftest.o \| sed -n -e 's/^.*[ ]\([ABCDGIRSTW][ABCDGIRSTW]*\)[ ][ ]*\([_A-Za-z][_A-Za-z0-9]*\)$/\1 \2 \2/p' | sed '/ __gnu_lto/d' \> conftest.nm
configure:7518: $? = 0
configure:7584: arm-none-linux-gnueabi-gcc -o conftest -g -O2   conftest.c conftstm.o >&5
configure:7587: $? = 0
configure:7625: result: ok
configure:7662: checking for sysroot
configure:7692: result: no
configure:7908: checking for i686-linux-mt
configure:7938: result: no
configure:7948: checking for mt
configure:7964: found /bin/mt
configure:7975: result: mt
configure:7998: checking if mt is a manifest tool
configure:8004: mt '-?'
configure:8012: result: no
configure:8651: checking for dlfcn.h
configure:8651: arm-none-linux-gnueabi-gcc -c -g -O2  conftest.c >&5
configure:8651: $? = 0
configure:8651: result: yes
configure:8857: checking for objdir
configure:8872: result: .libs
configure:9139: checking if arm-none-linux-gnueabi-gcc supports -fno-rtti -fno-exceptions
configure:9157: arm-none-linux-gnueabi-gcc -c -g -O2  -fno-rtti -fno-exceptions conftest.c >&5
cc1: warning: command line option "-fno-rtti" is valid for C++/ObjC++ but not for C
configure:9161: $? = 0
configure:9174: result: no
configure:9501: checking for arm-none-linux-gnueabi-gcc option to produce PIC
configure:9508: result: -fPIC -DPIC
configure:9516: checking if arm-none-linux-gnueabi-gcc PIC flag -fPIC -DPIC works
configure:9534: arm-none-linux-gnueabi-gcc -c -g -O2  -fPIC -DPIC -DPIC conftest.c >&5
configure:9538: $? = 0
configure:9551: result: yes
configure:9580: checking if arm-none-linux-gnueabi-gcc static flag -static works
configure:9608: result: yes
configure:9623: checking if arm-none-linux-gnueabi-gcc supports -c -o file.o
configure:9644: arm-none-linux-gnueabi-gcc -c -g -O2  -o out/conftest2.o conftest.c >&5
configure:9648: $? = 0
configure:9670: result: yes
configure:9678: checking if arm-none-linux-gnueabi-gcc supports -c -o file.o
configure:9725: result: yes
configure:9758: checking whether the arm-none-linux-gnueabi-gcc linker (/opt/toolchain/arm-2009q3/arm-none-linux-gnueabi/bin/ld) supports shared libraries
configure:10915: result: yes
configure:10952: checking whether -lc should be explicitly linked in
configure:10960: arm-none-linux-gnueabi-gcc -c -g -O2  conftest.c >&5
configure:10963: $? = 0
configure:10978: arm-none-linux-gnueabi-gcc -shared  -fPIC -DPIC conftest.o  -v -Wl,-soname -Wl,conftest -o conftest 2\>\&1 \| /bin/grep  -lc  \>/dev/null 2\>\&1
configure:10981: $? = 0
configure:10995: result: no
configure:11155: checking dynamic linker characteristics
configure:11666: arm-none-linux-gnueabi-gcc -o conftest -g -O2   -Wl,-rpath -Wl,/foo conftest.c  >&5
configure:11666: $? = 0
configure:11900: result: GNU/Linux ld.so
configure:12007: checking how to hardcode library paths into programs
configure:12032: result: immediate
configure:12572: checking whether stripping libraries is possible
configure:12577: result: yes
configure:12612: checking if libtool supports shared libraries
configure:12614: result: yes
configure:12617: checking whether to build shared libraries
configure:12638: result: yes
configure:12641: checking whether to build static libraries
configure:12645: result: yes
configure:12696: checking for i686-linux-pkg-config
configure:12729: result: no
configure:12739: checking for pkg-config
configure:12757: found /usr/bin/pkg-config
configure:12769: result: /usr/bin/pkg-config
configure:12794: checking pkg-config is at least version 0.9.0
configure:12797: result: yes
configure:12807: checking for SQLITE3
configure:12814: $PKG_CONFIG --exists --print-errors "sqlite3"
configure:12817: $? = 0
configure:12831: $PKG_CONFIG --exists --print-errors "sqlite3"
configure:12834: $? = 0
configure:12892: result: yes
configure:12899: checking for WEV1
configure:12906: $PKG_CONFIG --exists --print-errors "gtk+-3.0 "
configure:12909: $? = 0
configure:12923: $PKG_CONFIG --exists --print-errors "gtk+-3.0 "
configure:12926: $? = 0
configure:12984: result: yes
configure:13128: creating ./config.status

## ---------------------- ##
## Running config.status. ##
## ---------------------- ##

This file was extended by wev1 config.status 0.1, which was
generated by GNU Autoconf 2.68.  Invocation command line was

  CONFIG_FILES    = 
  CONFIG_HEADERS  = 
  CONFIG_LINKS    = 
  CONFIG_COMMANDS = 
  $ ./config.status 

on wellth1-desktop

config.status:1180: creating Makefile
config.status:1180: creating src/Makefile
config.status:1180: creating po/Makefile.in
config.status:1180: creating config.h
config.status:1361: config.h is unchanged
config.status:1409: executing depfiles commands
config.status:1409: executing default-1 commands
config.status:1409: executing libtool commands
config.status:1409: executing po/stamp-it commands

## ---------------- ##
## Cache variables. ##
## ---------------- ##

ac_cv_build=i686-pc-linux-gnu
ac_cv_c_compiler_gnu=yes
ac_cv_env_CC_set=set
ac_cv_env_CC_value=arm-none-linux-gnueabi-gcc
ac_cv_env_CFLAGS_set=
ac_cv_env_CFLAGS_value=
ac_cv_env_CPPFLAGS_set=
ac_cv_env_CPPFLAGS_value=
ac_cv_env_CPP_set=
ac_cv_env_CPP_value=
ac_cv_env_LDFLAGS_set=
ac_cv_env_LDFLAGS_value=
ac_cv_env_LIBS_set=
ac_cv_env_LIBS_value=
ac_cv_env_PKG_CONFIG_LIBDIR_set=
ac_cv_env_PKG_CONFIG_LIBDIR_value=
ac_cv_env_PKG_CONFIG_PATH_set=
ac_cv_env_PKG_CONFIG_PATH_value=
ac_cv_env_PKG_CONFIG_set=
ac_cv_env_PKG_CONFIG_value=
ac_cv_env_SQLITE3_CFLAGS_set=
ac_cv_env_SQLITE3_CFLAGS_value=
ac_cv_env_SQLITE3_LIBS_set=
ac_cv_env_SQLITE3_LIBS_value=
ac_cv_env_WEV1_CFLAGS_set=
ac_cv_env_WEV1_CFLAGS_value=
ac_cv_env_WEV1_LIBS_set=
ac_cv_env_WEV1_LIBS_value=
ac_cv_env_build_alias_set=
ac_cv_env_build_alias_value=
ac_cv_env_host_alias_set=set
ac_cv_env_host_alias_value=i686-linux
ac_cv_env_target_alias_set=set
ac_cv_env_target_alias_value=arm-linux
ac_cv_func_bind_textdomain_codeset=yes
ac_cv_func_dcgettext=yes
ac_cv_header_dlfcn_h=yes
ac_cv_header_inttypes_h=yes
ac_cv_header_libintl_h=yes
ac_cv_header_locale_h=yes
ac_cv_header_memory_h=yes
ac_cv_header_stdc=yes
ac_cv_header_stdint_h=yes
ac_cv_header_stdlib_h=yes
ac_cv_header_string_h=yes
ac_cv_header_strings_h=yes
ac_cv_header_sys_stat_h=yes
ac_cv_header_sys_types_h=yes
ac_cv_header_unistd_h=yes
ac_cv_host=i686-pc-linux-gnu
ac_cv_objext=o
ac_cv_path_EGREP='/bin/grep -E'
ac_cv_path_FGREP='/bin/grep -F'
ac_cv_path_GMSGFMT=/usr/bin/msgfmt
ac_cv_path_GREP=/bin/grep
ac_cv_path_INTLTOOL_EXTRACT=/usr/bin/intltool-extract
ac_cv_path_INTLTOOL_MERGE=/usr/bin/intltool-merge
ac_cv_path_INTLTOOL_PERL=/usr/bin/perl
ac_cv_path_INTLTOOL_UPDATE=/usr/bin/intltool-update
ac_cv_path_MSGFMT=/usr/bin/msgfmt
ac_cv_path_MSGMERGE=/usr/bin/msgmerge
ac_cv_path_SED=/bin/sed
ac_cv_path_XGETTEXT=/usr/bin/xgettext
ac_cv_path_ac_pt_PKG_CONFIG=/usr/bin/pkg-config
ac_cv_path_install='/usr/bin/install -c'
ac_cv_path_mkdir=/bin/mkdir
ac_cv_prog_AWK=gawk
ac_cv_prog_CC=arm-none-linux-gnueabi-gcc
ac_cv_prog_CPP='arm-none-linux-gnueabi-gcc -E'
ac_cv_prog_STRIP=strip
ac_cv_prog_ac_ct_AR=ar
ac_cv_prog_ac_ct_MANIFEST_TOOL=mt
ac_cv_prog_ac_ct_OBJDUMP=objdump
ac_cv_prog_ac_ct_RANLIB=ranlib
ac_cv_prog_ac_ct_STRIP=strip
ac_cv_prog_cc_c89=
ac_cv_prog_cc_g=yes
ac_cv_prog_make_make_set=yes
am_cv_CC_dependencies_compiler_type=gcc3
am_cv_make_support_nested_variables=yes
am_cv_val_LC_MESSAGES=yes
gt_cv_func_dgettext_libc=yes
gt_cv_func_dgettext_libintl=no
gt_cv_func_ngettext_libc=yes
gt_cv_have_gettext=yes
lt_cv_ar_at_file=@
lt_cv_archive_cmds_need_lc=no
lt_cv_deplibs_check_method=pass_all
lt_cv_file_magic_cmd='$MAGIC_CMD'
lt_cv_file_magic_test_file=
lt_cv_ld_reload_flag=-r
lt_cv_nm_interface='BSD nm'
lt_cv_objdir=.libs
lt_cv_path_LD=/opt/toolchain/arm-2009q3/arm-none-linux-gnueabi/bin/ld
lt_cv_path_NM='/usr/bin/nm -B'
lt_cv_path_mainfest_tool=no
lt_cv_prog_compiler_c_o=yes
lt_cv_prog_compiler_pic='-fPIC -DPIC'
lt_cv_prog_compiler_pic_works=yes
lt_cv_prog_compiler_rtti_exceptions=no
lt_cv_prog_compiler_static_works=yes
lt_cv_prog_gnu_ld=yes
lt_cv_sharedlib_from_linklib_cmd='printf %s\n'
lt_cv_shlibpath_overrides_runpath=no
lt_cv_sys_global_symbol_pipe='sed -n -e '\''s/^.*[	 ]\([ABCDGIRSTW][ABCDGIRSTW]*\)[	 ][	 ]*\([_A-Za-z][_A-Za-z0-9]*\)$/\1 \2 \2/p'\'' | sed '\''/ __gnu_lto/d'\'''
lt_cv_sys_global_symbol_to_c_name_address='sed -n -e '\''s/^: \([^ ]*\)[ ]*$/  {\"\1\", (void *) 0},/p'\'' -e '\''s/^[ABCDGIRSTW]* \([^ ]*\) \([^ ]*\)$/  {"\2", (void *) \&\2},/p'\'''
lt_cv_sys_global_symbol_to_c_name_address_lib_prefix='sed -n -e '\''s/^: \([^ ]*\)[ ]*$/  {\"\1\", (void *) 0},/p'\'' -e '\''s/^[ABCDGIRSTW]* \([^ ]*\) \(lib[^ ]*\)$/  {"\2", (void *) \&\2},/p'\'' -e '\''s/^[ABCDGIRSTW]* \([^ ]*\) \([^ ]*\)$/  {"lib\2", (void *) \&\2},/p'\'''
lt_cv_sys_global_symbol_to_cdecl='sed -n -e '\''s/^T .* \(.*\)$/extern int \1();/p'\'' -e '\''s/^[ABCDGIRSTW]* .* \(.*\)$/extern char \1;/p'\'''
lt_cv_sys_max_cmd_len=1572864
lt_cv_to_host_file_cmd=func_convert_file_noop
lt_cv_to_tool_file_cmd=func_convert_file_noop
pkg_cv_SQLITE3_CFLAGS=' '
pkg_cv_SQLITE3_LIBS='-lsqlite3  '
pkg_cv_WEV1_CFLAGS='-pthread -I/usr/include/gtk-3.0 -I/usr/include/pango-1.0 -I/usr/include/gio-unix-2.0/ -I/usr/include/atk-1.0 -I/usr/include/cairo -I/usr/include/gdk-pixbuf-2.0 -I/usr/include/freetype2 -I/usr/include/glib-2.0 -I/usr/lib/i386-linux-gnu/glib-2.0/include -I/usr/include/pixman-1 -I/usr/include/libpng12  '
pkg_cv_WEV1_LIBS='-lgtk-3 -lgdk-3 -latk-1.0 -lgio-2.0 -lpangocairo-1.0 -lgdk_pixbuf-2.0 -lcairo-gobject -lpango-1.0 -lcairo -lgobject-2.0 -lglib-2.0  '

## ----------------- ##
## Output variables. ##
## ----------------- ##

ACLOCAL='${SHELL} /home/TORADEX/Demo_06/wev1/missing --run aclocal-1.11'
ALL_LINGUAS=''
AMDEPBACKSLASH='\'
AMDEP_FALSE='#'
AMDEP_TRUE=''
AMTAR='$${TAR-tar}'
AM_BACKSLASH='\'
AM_DEFAULT_V='$(AM_DEFAULT_VERBOSITY)'
AM_DEFAULT_VERBOSITY='0'
AM_V='$(V)'
AR='ar'
AUTOCONF='${SHELL} /home/TORADEX/Demo_06/wev1/missing --run autoconf'
AUTOHEADER='${SHELL} /home/TORADEX/Demo_06/wev1/missing --run autoheader'
AUTOMAKE='${SHELL} /home/TORADEX/Demo_06/wev1/missing --run automake-1.11'
AWK='gawk'
CATALOGS=''
CATOBJEXT='.gmo'
CC='arm-none-linux-gnueabi-gcc'
CCDEPMODE='depmode=gcc3'
CFLAGS='-g -O2'
CPP='arm-none-linux-gnueabi-gcc -E'
CPPFLAGS=''
CYGPATH_W='echo'
DATADIRNAME='share'
DEFS='-DHAVE_CONFIG_H'
DEPDIR='.deps'
DLLTOOL='false'
DSYMUTIL=''
DUMPBIN=''
ECHO_C=''
ECHO_N='-n'
ECHO_T=''
EGREP='/bin/grep -E'
EXEEXT=''
FGREP='/bin/grep -F'
GETTEXT_PACKAGE='wev1'
GMOFILES=''
GMSGFMT='/usr/bin/msgfmt'
GREP='/bin/grep'
INSTALL_DATA='${INSTALL} -m 644'
INSTALL_PROGRAM='${INSTALL}'
INSTALL_SCRIPT='${INSTALL}'
INSTALL_STRIP_PROGRAM='$(install_sh) -c -s'
INSTOBJEXT='.mo'
INTLLIBS=''
INTLTOOL_CAVES_RULE='%.caves:     %.caves.in     $(INTLTOOL_MERGE) $(wildcard $(top_srcdir)/po/*.po) ; $(INTLTOOL_V_MERGE)LC_ALL=C $(INTLTOOL_MERGE) $(INTLTOOL_V_MERGE_OPTIONS) -d -u -c $(top_builddir)/po/.intltool-merge-cache $(top_srcdir)/po $< $@'
INTLTOOL_DESKTOP_RULE='%.desktop:   %.desktop.in   $(INTLTOOL_MERGE) $(wildcard $(top_srcdir)/po/*.po) ; $(INTLTOOL_V_MERGE)LC_ALL=C $(INTLTOOL_MERGE) $(INTLTOOL_V_MERGE_OPTIONS) -d -u -c $(top_builddir)/po/.intltool-merge-cache $(top_srcdir)/po $< $@'
INTLTOOL_DIRECTORY_RULE='%.directory: %.directory.in $(INTLTOOL_MERGE) $(wildcard $(top_srcdir)/po/*.po) ; $(INTLTOOL_V_MERGE)LC_ALL=C $(INTLTOOL_MERGE) $(INTLTOOL_V_MERGE_OPTIONS) -d -u -c $(top_builddir)/po/.intltool-merge-cache $(top_srcdir)/po $< $@'
INTLTOOL_EXTRACT='/usr/bin/intltool-extract'
INTLTOOL_KBD_RULE='%.kbd:       %.kbd.in       $(INTLTOOL_MERGE) $(wildcard $(top_srcdir)/po/*.po) ; $(INTLTOOL_V_MERGE)LC_ALL=C $(INTLTOOL_MERGE) $(INTLTOOL_V_MERGE_OPTIONS) -x -u -m -c $(top_builddir)/po/.intltool-merge-cache $(top_srcdir)/po $< $@'
INTLTOOL_KEYS_RULE='%.keys:      %.keys.in      $(INTLTOOL_MERGE) $(wildcard $(top_srcdir)/po/*.po) ; $(INTLTOOL_V_MERGE)LC_ALL=C $(INTLTOOL_MERGE) $(INTLTOOL_V_MERGE_OPTIONS) -k -u -c $(top_builddir)/po/.intltool-merge-cache $(top_srcdir)/po $< $@'
INTLTOOL_MERGE='/usr/bin/intltool-merge'
INTLTOOL_OAF_RULE='%.oaf:       %.oaf.in       $(INTLTOOL_MERGE) $(wildcard $(top_srcdir)/po/*.po) ; $(INTLTOOL_V_MERGE)LC_ALL=C $(INTLTOOL_MERGE) $(INTLTOOL_V_MERGE_OPTIONS) -o -p $(top_srcdir)/po $< $@'
INTLTOOL_PERL='/usr/bin/perl'
INTLTOOL_POLICY_RULE='%.policy:    %.policy.in    $(INTLTOOL_MERGE) $(wildcard $(top_srcdir)/po/*.po) ; $(INTLTOOL_V_MERGE)LC_ALL=C $(INTLTOOL_MERGE) $(INTLTOOL_V_MERGE_OPTIONS) -x -u -c $(top_builddir)/po/.intltool-merge-cache $(top_srcdir)/po $< $@'
INTLTOOL_PONG_RULE='%.pong:      %.pong.in      $(INTLTOOL_MERGE) $(wildcard $(top_srcdir)/po/*.po) ; $(INTLTOOL_V_MERGE)LC_ALL=C $(INTLTOOL_MERGE) $(INTLTOOL_V_MERGE_OPTIONS) -x -u -c $(top_builddir)/po/.intltool-merge-cache $(top_srcdir)/po $< $@'
INTLTOOL_PROP_RULE='%.prop:      %.prop.in      $(INTLTOOL_MERGE) $(wildcard $(top_srcdir)/po/*.po) ; $(INTLTOOL_V_MERGE)LC_ALL=C $(INTLTOOL_MERGE) $(INTLTOOL_V_MERGE_OPTIONS) -d -u -c $(top_builddir)/po/.intltool-merge-cache $(top_srcdir)/po $< $@'
INTLTOOL_SCHEMAS_RULE='%.schemas:   %.schemas.in   $(INTLTOOL_MERGE) $(wildcard $(top_srcdir)/po/*.po) ; $(INTLTOOL_V_MERGE)LC_ALL=C $(INTLTOOL_MERGE) $(INTLTOOL_V_MERGE_OPTIONS) -s -u -c $(top_builddir)/po/.intltool-merge-cache $(top_srcdir)/po $< $@'
INTLTOOL_SERVER_RULE='%.server:    %.server.in    $(INTLTOOL_MERGE) $(wildcard $(top_srcdir)/po/*.po) ; $(INTLTOOL_V_MERGE)LC_ALL=C $(INTLTOOL_MERGE) $(INTLTOOL_V_MERGE_OPTIONS) -o -u -c $(top_builddir)/po/.intltool-merge-cache $(top_srcdir)/po $< $@'
INTLTOOL_SERVICE_RULE='%.service: %.service.in   $(INTLTOOL_MERGE) $(wildcard $(top_srcdir)/po/*.po) ; $(INTLTOOL_V_MERGE)LC_ALL=C $(INTLTOOL_MERGE) $(INTLTOOL_V_MERGE_OPTIONS) -d -u -c $(top_builddir)/po/.intltool-merge-cache $(top_srcdir)/po $< $@'
INTLTOOL_SHEET_RULE='%.sheet:     %.sheet.in     $(INTLTOOL_MERGE) $(wildcard $(top_srcdir)/po/*.po) ; $(INTLTOOL_V_MERGE)LC_ALL=C $(INTLTOOL_MERGE) $(INTLTOOL_V_MERGE_OPTIONS) -x -u -c $(top_builddir)/po/.intltool-merge-cache $(top_srcdir)/po $< $@'
INTLTOOL_SOUNDLIST_RULE='%.soundlist: %.soundlist.in $(INTLTOOL_MERGE) $(wildcard $(top_srcdir)/po/*.po) ; $(INTLTOOL_V_MERGE)LC_ALL=C $(INTLTOOL_MERGE) $(INTLTOOL_V_MERGE_OPTIONS) -d -u -c $(top_builddir)/po/.intltool-merge-cache $(top_srcdir)/po $< $@'
INTLTOOL_THEME_RULE='%.theme:     %.theme.in     $(INTLTOOL_MERGE) $(wildcard $(top_srcdir)/po/*.po) ; $(INTLTOOL_V_MERGE)LC_ALL=C $(INTLTOOL_MERGE) $(INTLTOOL_V_MERGE_OPTIONS) -d -u -c $(top_builddir)/po/.intltool-merge-cache $(top_srcdir)/po $< $@'
INTLTOOL_UI_RULE='%.ui:        %.ui.in        $(INTLTOOL_MERGE) $(wildcard $(top_srcdir)/po/*.po) ; $(INTLTOOL_V_MERGE)LC_ALL=C $(INTLTOOL_MERGE) $(INTLTOOL_V_MERGE_OPTIONS) -x -u -c $(top_builddir)/po/.intltool-merge-cache $(top_srcdir)/po $< $@'
INTLTOOL_UPDATE='/usr/bin/intltool-update'
INTLTOOL_V_MERGE='$(INTLTOOL__v_MERGE_$(V))'
INTLTOOL_V_MERGE_OPTIONS='$(intltool__v_merge_options_$(V))'
INTLTOOL_XAM_RULE='%.xam:       %.xml.in       $(INTLTOOL_MERGE) $(wildcard $(top_srcdir)/po/*.po) ; $(INTLTOOL_V_MERGE)LC_ALL=C $(INTLTOOL_MERGE) $(INTLTOOL_V_MERGE_OPTIONS) -x -u -c $(top_builddir)/po/.intltool-merge-cache $(top_srcdir)/po $< $@'
INTLTOOL_XML_NOMERGE_RULE='%.xml:       %.xml.in       $(INTLTOOL_MERGE) ; $(INTLTOOL_V_MERGE)LC_ALL=C $(INTLTOOL_MERGE) $(INTLTOOL_V_MERGE_OPTIONS) -x -u --no-translations $< $@'
INTLTOOL_XML_RULE='%.xml:       %.xml.in       $(INTLTOOL_MERGE) $(wildcard $(top_srcdir)/po/*.po) ; $(INTLTOOL_V_MERGE)LC_ALL=C $(INTLTOOL_MERGE) $(INTLTOOL_V_MERGE_OPTIONS) -x -u -c $(top_builddir)/po/.intltool-merge-cache $(top_srcdir)/po $< $@'
INTLTOOL__v_MERGE_0='@echo "  ITMRG " $@;'
INTLTOOL__v_MERGE_='$(INTLTOOL__v_MERGE_$(AM_DEFAULT_VERBOSITY))'
LD='/opt/toolchain/arm-2009q3/arm-none-linux-gnueabi/bin/ld'
LDFLAGS=''
LIBOBJS=''
LIBS=''
LIBTOOL='$(SHELL) $(top_builddir)/libtool'
LIPO=''
LN_S='ln -s'
LTLIBOBJS=''
MAKEINFO='${SHELL} /home/TORADEX/Demo_06/wev1/missing --run makeinfo'
MANIFEST_TOOL=':'
MKDIR_P='/bin/mkdir -p'
MKINSTALLDIRS='./mkinstalldirs'
MSGFMT='/usr/bin/msgfmt'
MSGFMT_OPTS='-c'
MSGMERGE='/usr/bin/msgmerge'
NM='/usr/bin/nm -B'
NMEDIT=''
OBJDUMP='objdump'
OBJEXT='o'
OTOOL64=''
OTOOL=''
PACKAGE='wev1'
PACKAGE_BUGREPORT=''
PACKAGE_NAME='wev1'
PACKAGE_STRING='wev1 0.1'
PACKAGE_TARNAME='wev1'
PACKAGE_URL=''
PACKAGE_VERSION='0.1'
PATH_SEPARATOR=':'
PKG_CONFIG='/usr/bin/pkg-config'
PKG_CONFIG_LIBDIR=''
PKG_CONFIG_PATH=''
POFILES=''
POSUB='po'
PO_IN_DATADIR_FALSE=''
PO_IN_DATADIR_TRUE=''
RANLIB='ranlib'
SED='/bin/sed'
SET_MAKE=''
SHELL='/bin/bash'
SQLITE3_CFLAGS=' '
SQLITE3_LIBS='-lsqlite3  '
STRIP='strip'
USE_NLS='yes'
VERSION='0.1'
WEV1_CFLAGS='-pthread -I/usr/include/gtk-3.0 -I/usr/include/pango-1.0 -I/usr/include/gio-unix-2.0/ -I/usr/include/atk-1.0 -I/usr/include/cairo -I/usr/include/gdk-pixbuf-2.0 -I/usr/include/freetype2 -I/usr/include/glib-2.0 -I/usr/lib/i386-linux-gnu/glib-2.0/include -I/usr/include/pixman-1 -I/usr/include/libpng12  '
WEV1_LIBS='-lgtk-3 -lgdk-3 -latk-1.0 -lgio-2.0 -lpangocairo-1.0 -lgdk_pixbuf-2.0 -lcairo-gobject -lpango-1.0 -lcairo -lgobject-2.0 -lglib-2.0  '
XGETTEXT='/usr/bin/xgettext'
ac_ct_AR='ar'
ac_ct_CC=''
ac_ct_DUMPBIN=''
am__EXEEXT_FALSE=''
am__EXEEXT_TRUE='#'
am__fastdepCC_FALSE='#'
am__fastdepCC_TRUE=''
am__include='include'
am__isrc=''
am__leading_dot='.'
am__nodep='_no'
am__quote=''
am__tar='$${TAR-tar} chof - "$$tardir"'
am__untar='$${TAR-tar} xf -'
bindir='${exec_prefix}/bin'
build='i686-pc-linux-gnu'
build_alias=''
build_cpu='i686'
build_os='linux-gnu'
build_vendor='pc'
datadir='${datarootdir}'
datarootdir='${prefix}/share'
docdir='${datarootdir}/doc/${PACKAGE_TARNAME}'
dvidir='${docdir}'
exec_prefix='${prefix}'
host='i686-pc-linux-gnu'
host_alias='i686-linux'
host_cpu='i686'
host_os='linux-gnu'
host_vendor='pc'
htmldir='${docdir}'
includedir='${prefix}/include'
infodir='${datarootdir}/info'
install_sh='${SHELL} /home/TORADEX/Demo_06/wev1/install-sh'
intltool__v_merge_options_0='-q'
intltool__v_merge_options_='$(intltool__v_merge_options_$(AM_DEFAULT_VERBOSITY))'
libdir='${exec_prefix}/lib'
libexecdir='${exec_prefix}/libexec'
localedir='${datarootdir}/locale'
localstatedir='${prefix}/var'
mandir='${datarootdir}/man'
mkdir_p='/bin/mkdir -p'
oldincludedir='/usr/include'
pdfdir='${docdir}'
prefix='/usr/local'
program_transform_name='s,x,x,'
psdir='${docdir}'
sbindir='${exec_prefix}/sbin'
sharedstatedir='${prefix}/com'
sysconfdir='${prefix}/etc'
target_alias='arm-linux'

## ----------- ##
## confdefs.h. ##
## ----------- ##

/* confdefs.h */
#define PACKAGE_NAME "wev1"
#define PACKAGE_TARNAME "wev1"
#define PACKAGE_VERSION "0.1"
#define PACKAGE_STRING "wev1 0.1"
#define PACKAGE_BUGREPORT ""
#define PACKAGE_URL ""
#define PACKAGE "wev1"
#define VERSION "0.1"
#define GETTEXT_PACKAGE "wev1"
#define STDC_HEADERS 1
#define HAVE_SYS_TYPES_H 1
#define HAVE_SYS_STAT_H 1
#define HAVE_STDLIB_H 1
#define HAVE_STRING_H 1
#define HAVE_MEMORY_H 1
#define HAVE_STRINGS_H 1
#define HAVE_INTTYPES_H 1
#define HAVE_STDINT_H 1
#define HAVE_UNISTD_H 1
#define HAVE_LOCALE_H 1
#define HAVE_LC_MESSAGES 1
#define HAVE_BIND_TEXTDOMAIN_CODESET 1
#define HAVE_GETTEXT 1
#define HAVE_DCGETTEXT 1
#define ENABLE_NLS 1
#define HAVE_DLFCN_H 1
#define LT_OBJDIR ".libs/"

configure: exit 0
